[16:07:00.711] [INFO   ] thread main starting.
[16:07:00.723] [SEVERE ] cannot read configuration file config.properties trying from resources.
[16:07:00.726] [SEVERE ] configuration file was loaded from resources directory.
[16:07:01.261] [INFO   ] thread dealer starting.
[16:07:01.262] [INFO   ] thread dealer starting.
[16:07:01.263] [INFO   ] thread Thread-0 starting.
[16:07:01.264] [INFO   ] thread Thread-1 starting.
[16:07:01.279] [INFO   ] thread Thread-2 starting.
[16:07:01.328] [INFO   ] thread computer-2 starting.
[16:07:01.379] [SEVERE ] placing card 30 in slot 0
[16:07:01.488] [SEVERE ] placing card 36 in slot 1
[16:07:01.598] [SEVERE ] placing card 34 in slot 2
[16:07:01.707] [SEVERE ] placing card 38 in slot 3
[16:07:01.815] [SEVERE ] placing card 20 in slot 4
[16:07:01.923] [SEVERE ] placing card 40 in slot 5
[16:07:02.030] [SEVERE ] placing card 73 in slot 6
[16:07:02.141] [SEVERE ] placing card 10 in slot 7
[16:07:02.252] [SEVERE ] placing card 47 in slot 8
[16:07:02.362] [SEVERE ] placing card 13 in slot 9
[16:07:02.471] [SEVERE ] placing card 45 in slot 10
[16:07:02.582] [SEVERE ] placing card 32 in slot 11
[16:07:02.693] [SEVERE ] updating countdown to 30000
[16:07:02.802] [SEVERE ] updating countdown to 29900
[16:07:02.914] [SEVERE ] updating countdown to 29800
[16:07:03.024] [SEVERE ] updating countdown to 29700
[16:07:03.133] [SEVERE ] updating countdown to 29600
[16:07:03.244] [SEVERE ] updating countdown to 29500
[16:07:03.355] [SEVERE ] updating countdown to 29400
[16:07:03.465] [SEVERE ] updating countdown to 29300
[16:07:03.575] [SEVERE ] updating countdown to 29200
[16:07:03.684] [SEVERE ] updating countdown to 29100
[16:07:03.795] [SEVERE ] updating countdown to 29000
[16:07:03.906] [SEVERE ] updating countdown to 28900
[16:07:04.016] [SEVERE ] updating countdown to 28800
[16:07:04.127] [SEVERE ] updating countdown to 28700
[16:07:04.238] [SEVERE ] updating countdown to 28600
[16:07:04.348] [SEVERE ] updating countdown to 28500
[16:07:04.459] [SEVERE ] updating countdown to 28400
[16:07:04.571] [SEVERE ] updating countdown to 28300
[16:07:04.682] [SEVERE ] updating countdown to 28200
[16:07:04.791] [SEVERE ] updating countdown to 28100
[16:07:04.900] [SEVERE ] updating countdown to 28000
[16:07:05.011] [SEVERE ] updating countdown to 27900
[16:07:05.121] [SEVERE ] updating countdown to 27800
[16:07:05.232] [SEVERE ] updating countdown to 27700
[16:07:05.343] [SEVERE ] updating countdown to 27600
[16:07:05.453] [SEVERE ] updating countdown to 27500
[16:07:05.564] [SEVERE ] updating countdown to 27400
[16:07:05.676] [SEVERE ] updating countdown to 27300
[16:07:05.785] [SEVERE ] updating countdown to 27200
[16:07:05.896] [SEVERE ] updating countdown to 27100
[16:07:06.007] [SEVERE ] updating countdown to 27000
[16:07:06.118] [SEVERE ] updating countdown to 26900
[16:07:06.230] [SEVERE ] updating countdown to 26800
[16:07:06.340] [SEVERE ] updating countdown to 26700
[16:07:06.450] [SEVERE ] updating countdown to 26600
[16:07:06.561] [SEVERE ] updating countdown to 26500
[16:07:06.672] [SEVERE ] updating countdown to 26400
[16:07:06.782] [SEVERE ] updating countdown to 26300
[16:07:06.892] [SEVERE ] updating countdown to 26200
[16:07:07.004] [SEVERE ] updating countdown to 26100
[16:07:07.112] [SEVERE ] updating countdown to 26000
[16:07:07.223] [SEVERE ] updating countdown to 25900
[16:07:07.334] [SEVERE ] updating countdown to 25800
[16:07:07.444] [SEVERE ] updating countdown to 25700
[16:07:07.554] [SEVERE ] updating countdown to 25600
[16:07:07.663] [SEVERE ] updating countdown to 25500
[16:07:07.774] [SEVERE ] updating countdown to 25400
[16:07:07.838] [SEVERE ] player 3 placing token on slot 9
[16:07:07.886] [SEVERE ] updating countdown to 25300
[16:07:07.996] [SEVERE ] updating countdown to 25200
[16:07:08.106] [SEVERE ] updating countdown to 25100
[16:07:08.217] [SEVERE ] updating countdown to 25000
[16:07:08.326] [SEVERE ] updating countdown to 24900
[16:07:08.437] [SEVERE ] updating countdown to 24800
[16:07:08.547] [SEVERE ] updating countdown to 24700
[16:07:08.659] [SEVERE ] updating countdown to 24600
[16:07:08.768] [SEVERE ] updating countdown to 24500
[16:07:08.787] [SEVERE ] exit button pressed
[16:07:08.787] [INFO   ] thread Thread-1 terminated.
[16:07:08.787] [INFO   ] thread Thread-2 terminated.
[16:07:08.787] [INFO   ] thread dealer terminated.
[16:07:08.788] [SEVERE ] thanks for playing... it was fun!
[16:07:08.788] [INFO   ] thread main terminated.
[16:07:08.787] [INFO   ] thread Thread-0 terminated.
