[16:37:40.526] [INFO   ] thread main starting.
[16:37:40.531] [SEVERE ] cannot read configuration file config.properties trying from resources.
[16:37:40.533] [SEVERE ] configuration file was loaded from resources directory.
[16:37:40.919] [INFO   ] thread dealer starting.
[16:37:40.920] [INFO   ] thread dealer starting.
[16:37:40.920] [INFO   ] thread Thread-0 starting.
[16:37:40.920] [INFO   ] thread Thread-2 starting.
[16:37:40.920] [INFO   ] thread Thread-1 starting.
[16:37:40.932] [INFO   ] thread computer-2 starting.
[16:37:41.041] [SEVERE ] placing card 71 in slot 0
[16:37:41.151] [SEVERE ] placing card 75 in slot 1
[16:37:41.263] [SEVERE ] placing card 34 in slot 2
[16:37:41.374] [SEVERE ] placing card 57 in slot 3
[16:37:41.486] [SEVERE ] placing card 30 in slot 4
[16:37:41.594] [SEVERE ] placing card 43 in slot 5
[16:37:41.705] [SEVERE ] placing card 51 in slot 6
[16:37:41.816] [SEVERE ] placing card 13 in slot 7
[16:37:41.928] [SEVERE ] placing card 58 in slot 8
[16:37:42.039] [SEVERE ] placing card 23 in slot 9
[16:37:42.148] [SEVERE ] placing card 42 in slot 10
[16:37:42.259] [SEVERE ] placing card 76 in slot 11
[16:37:42.262] [SEVERE ] updating countdown to 30000
[16:37:42.262] [SEVERE ] removing all tokens
[16:37:42.369] [SEVERE ] removing card from slot 0
[16:37:42.478] [SEVERE ] removing card from slot 1
[16:37:42.589] [SEVERE ] removing card from slot 2
[16:37:42.702] [SEVERE ] removing card from slot 3
[16:37:42.813] [SEVERE ] removing card from slot 4
[16:37:42.925] [SEVERE ] removing card from slot 5
[16:37:43.035] [SEVERE ] removing card from slot 6
[16:37:43.147] [SEVERE ] removing card from slot 7
[16:37:43.258] [SEVERE ] removing card from slot 8
[16:37:43.367] [SEVERE ] removing card from slot 9
[16:37:43.477] [SEVERE ] removing card from slot 10
[16:37:43.588] [SEVERE ] removing card from slot 11
[16:37:43.698] [SEVERE ] placing card 74 in slot 0
[16:37:43.809] [SEVERE ] placing card 43 in slot 1
[16:37:43.921] [SEVERE ] placing card 52 in slot 2
[16:37:44.032] [SEVERE ] placing card 80 in slot 3
[16:37:44.144] [SEVERE ] placing card 51 in slot 4
[16:37:44.255] [SEVERE ] placing card 68 in slot 5
[16:37:44.367] [SEVERE ] placing card 66 in slot 6
[16:37:44.476] [SEVERE ] placing card 14 in slot 7
[16:37:44.586] [SEVERE ] placing card 71 in slot 8
[16:37:44.698] [SEVERE ] placing card 70 in slot 9
[16:37:44.808] [SEVERE ] placing card 57 in slot 10
[16:37:44.919] [SEVERE ] placing card 47 in slot 11
[16:37:45.030] [SEVERE ] updating countdown to 30000
[16:37:45.141] [SEVERE ] updating countdown to 29900
[16:37:45.252] [SEVERE ] updating countdown to 29800
[16:37:45.363] [SEVERE ] updating countdown to 29700
[16:37:45.473] [SEVERE ] updating countdown to 29600
[16:37:45.584] [SEVERE ] updating countdown to 29500
[16:37:45.693] [SEVERE ] updating countdown to 29400
[16:37:45.803] [SEVERE ] updating countdown to 29300
[16:37:45.914] [SEVERE ] updating countdown to 29200
[16:37:46.023] [SEVERE ] updating countdown to 29100
[16:37:46.134] [SEVERE ] updating countdown to 29000
[16:37:46.243] [SEVERE ] updating countdown to 28900
[16:37:46.354] [SEVERE ] updating countdown to 28800
[16:37:46.465] [SEVERE ] updating countdown to 28700
[16:37:46.576] [SEVERE ] updating countdown to 28600
[16:37:46.687] [SEVERE ] updating countdown to 28500
[16:37:46.798] [SEVERE ] updating countdown to 28400
[16:37:46.910] [SEVERE ] updating countdown to 28300
[16:37:47.021] [SEVERE ] updating countdown to 28200
[16:37:47.021] [SEVERE ] player 3 placing token on slot 10
[16:37:47.133] [SEVERE ] updating countdown to 28100
[16:37:47.245] [SEVERE ] updating countdown to 28000
[16:37:47.354] [SEVERE ] updating countdown to 27900
[16:37:47.467] [SEVERE ] updating countdown to 27800
[16:37:47.510] [SEVERE ] exit button pressed
[16:37:47.510] [INFO   ] thread Thread-0 terminated.
[16:37:47.510] [INFO   ] thread Thread-2 terminated.
[16:37:47.510] [INFO   ] thread Thread-1 terminated.
[16:37:47.510] [INFO   ] thread dealer terminated.
[16:37:47.510] [SEVERE ] thanks for playing... it was fun!
[16:37:47.511] [INFO   ] thread main terminated.
